  Compiling CUDA source file GPU\GPUEngine.cu...
  
  C:\Users\praua\Documents\GitHub\KeyHuntCudaClient\KeyHunt-Cuda>"C:\Program Files\NVIDIA GPU Computing Toolkit\CUDA\v12.8\bin\nvcc.exe" -gencode=arch=compute_50,code=\"sm_50,compute_50\" -gencode=arch=compute_52,code=\"sm_52,compute_52\" -gencode=arch=compute_60,code=\"sm_60,compute_60\" -gencode=arch=compute_61,code=\"sm_61,compute_61\" -gencode=arch=compute_70,code=\"sm_70,compute_70\" -gencode=arch=compute_75,code=\"sm_75,compute_75\" --use-local-env -ccbin "C:\Program Files (x86)\Microsoft Visual Studio\2019\BuildTools\VC\Tools\MSVC\14.29.30133\bin\HostX64\x64" -x cu   -IC:\Users\praua\Documents\GitHub\KeyHuntCudaClient\gmp\include -I"C:\Program Files\NVIDIA GPU Computing Toolkit\CUDA\v12.8\include" -I"C:\Program Files\NVIDIA GPU Computing Toolkit\CUDA\v12.8\include"     --keep-dir x64\Release  -maxrregcount=0    --machine 64 --compile -cudart static    -DWIN32 -DWIN64 -DNDEBUG -D_CONSOLE -DWITHGPU -D_CRT_SECURE_NO_WARNINGS -D_MBCS -Xcompiler "/EHsc /W3 /nologo /O2 /FS   /MD " -Xcompiler "/Fdx64\Release\vc142.pdb" -o C:\Users\praua\Documents\GitHub\KeyHuntCudaClient\KeyHunt-Cuda\x64\Release\GPUEngine.cu.obj "C:\Users\praua\Documents\GitHub\KeyHuntCudaClient\KeyHunt-Cuda\GPU\GPUEngine.cu" 
  device_functions.h is an internal header file and must not be used directly.  This file will be removed in a future CUDA release.  Please use cuda_runtime_api.h or cuda_runtime.h instead.
C:\Users\praua\Documents\GitHub\KeyHuntCudaClient\KeyHunt-Cuda\GPU\GPUEngine.cu(853): warning #177-D: variable "pubkey" was declared but never referenced
    		uint8_t* pubkey = (uint8_t*)(itemPtr + 2);
    		         ^
  
  Remark: The warnings can be suppressed with "-diag-suppress <warning-number>"
  
  device_functions.h is an internal header file and must not be used directly.  This file will be removed in a future CUDA release.  Please use cuda_runtime_api.h or cuda_runtime.h instead.
C:\Users\praua\Documents\GitHub\KeyHuntCudaClient\KeyHunt-Cuda\GPU\GPUEngine.cu(853): warning #177-D: variable "pubkey" was declared but never referenced
    		uint8_t* pubkey = (uint8_t*)(itemPtr + 2);
    		         ^
  
  Remark: The warnings can be suppressed with "-diag-suppress <warning-number>"
  
  device_functions.h is an internal header file and must not be used directly.  This file will be removed in a future CUDA release.  Please use cuda_runtime_api.h or cuda_runtime.h instead.
C:\Users\praua\Documents\GitHub\KeyHuntCudaClient\KeyHunt-Cuda\GPU\GPUEngine.cu(853): warning #177-D: variable "pubkey" was declared but never referenced
    		uint8_t* pubkey = (uint8_t*)(itemPtr + 2);
    		         ^
  
  Remark: The warnings can be suppressed with "-diag-suppress <warning-number>"
  
  device_functions.h is an internal header file and must not be used directly.  This file will be removed in a future CUDA release.  Please use cuda_runtime_api.h or cuda_runtime.h instead.
C:\Users\praua\Documents\GitHub\KeyHuntCudaClient\KeyHunt-Cuda\GPU\GPUEngine.cu(853): warning #177-D: variable "pubkey" was declared but never referenced
    		uint8_t* pubkey = (uint8_t*)(itemPtr + 2);
    		         ^
  
  Remark: The warnings can be suppressed with "-diag-suppress <warning-number>"
  
  device_functions.h is an internal header file and must not be used directly.  This file will be removed in a future CUDA release.  Please use cuda_runtime_api.h or cuda_runtime.h instead.
C:\Users\praua\Documents\GitHub\KeyHuntCudaClient\KeyHunt-Cuda\GPU\GPUEngine.cu(853): warning #177-D: variable "pubkey" was declared but never referenced
    		uint8_t* pubkey = (uint8_t*)(itemPtr + 2);
    		         ^
  
  Remark: The warnings can be suppressed with "-diag-suppress <warning-number>"
  
  device_functions.h is an internal header file and must not be used directly.  This file will be removed in a future CUDA release.  Please use cuda_runtime_api.h or cuda_runtime.h instead.
C:\Users\praua\Documents\GitHub\KeyHuntCudaClient\KeyHunt-Cuda\GPU\GPUEngine.cu(853): warning #177-D: variable "pubkey" was declared but never referenced
    		uint8_t* pubkey = (uint8_t*)(itemPtr + 2);
    		         ^
  
  Remark: The warnings can be suppressed with "-diag-suppress <warning-number>"
  
CUDACOMPILE : nvcc warning : Support for offline compilation for architectures prior to '<compute/sm/lto>_75' will be removed in a future release (Use -Wno-deprecated-gpu-targets to suppress warning).
  GPUEngine.cu
  tmpxft_000023fc_00000000-7_GPUEngine.compute_75.cudafe1.cpp
  device_functions.h is an internal header file and must not be used directly.  This file will be removed in a future CUDA release.  Please use cuda_runtime_api.h or cuda_runtime.h instead.
C:\Users\praua\Documents\GitHub\KeyHuntCudaClient\KeyHunt-Cuda\GPU\GPUEngine.cu(508): warning C4244: "argument": konwersja z "uint64_t" do "int", możliwa utrata danych
C:\Users\praua\Documents\GitHub\KeyHuntCudaClient\KeyHunt-Cuda\GPU\GPUEngine.cu(512): warning C4244: "argument": konwersja z "uint64_t" do "int", możliwa utrata danych
C:\Users\praua\Documents\GitHub\KeyHuntCudaClient\KeyHunt-Cuda\GPU\GPUEngine.cu(517): warning C4244: "argument": konwersja z "uint64_t" do "int", możliwa utrata danych
C:\Users\praua\Documents\GitHub\KeyHuntCudaClient\KeyHunt-Cuda\GPU\GPUEngine.cu(540): warning C4244: "argument": konwersja z "uint64_t" do "int", możliwa utrata danych
cl : wiersz polecenia warning D9002: ignorowanie nieznanej opcji „/arch:SSE”
  Base58.cpp
  Bloom.cpp
C:\Users\praua\Documents\GitHub\KeyHuntCudaClient\KeyHunt-Cuda\Bloom.cpp(81,21): warning C4244: "inicjowanie": konwersja z "unsigned __int64" do "unsigned int", możliwa utrata danych
  CmdParse.cpp
  GmpUtil.cpp
C:\Users\praua\Documents\GitHub\KeyHuntCudaClient\gmp\include\gmp.h(1795,19): warning C4244: "return": konwersja z "mp_limb_t" do "unsigned long", możliwa utrata danych
C:\Users\praua\Documents\GitHub\KeyHuntCudaClient\gmp\include\gmpxx.h(101,26): warning C4146: jednoargumentowy operator minus zastosowany do typu unsigned, wynik nadal unsigned
C:\Users\praua\Documents\GitHub\KeyHuntCudaClient\gmp\include\gmpxx.h(155,6): warning C4146: jednoargumentowy operator minus zastosowany do typu unsigned, wynik nadal unsigned
C:\Users\praua\Documents\GitHub\KeyHuntCudaClient\gmp\include\gmpxx.h(206,24): warning C4146: jednoargumentowy operator minus zastosowany do typu unsigned, wynik nadal unsigned
C:\Users\praua\Documents\GitHub\KeyHuntCudaClient\gmp\include\gmpxx.h(278,24): warning C4146: jednoargumentowy operator minus zastosowany do typu unsigned, wynik nadal unsigned
C:\Users\praua\Documents\GitHub\KeyHuntCudaClient\gmp\include\gmpxx.h(322,24): warning C4146: jednoargumentowy operator minus zastosowany do typu unsigned, wynik nadal unsigned
C:\Users\praua\Documents\GitHub\KeyHuntCudaClient\gmp\include\gmpxx.h(330,26): warning C4146: jednoargumentowy operator minus zastosowany do typu unsigned, wynik nadal unsigned
C:\Users\praua\Documents\GitHub\KeyHuntCudaClient\gmp\include\gmpxx.h(372,37): warning C4146: jednoargumentowy operator minus zastosowany do typu unsigned, wynik nadal unsigned
C:\Users\praua\Documents\GitHub\KeyHuntCudaClient\gmp\include\gmpxx.h(407,24): warning C4146: jednoargumentowy operator minus zastosowany do typu unsigned, wynik nadal unsigned
C:\Users\praua\Documents\GitHub\KeyHuntCudaClient\gmp\include\gmpxx.h(414,24): warning C4146: jednoargumentowy operator minus zastosowany do typu unsigned, wynik nadal unsigned
C:\Users\praua\Documents\GitHub\KeyHuntCudaClient\gmp\include\gmpxx.h(442,36): warning C4146: jednoargumentowy operator minus zastosowany do typu unsigned, wynik nadal unsigned
C:\Users\praua\Documents\GitHub\KeyHuntCudaClient\gmp\include\gmpxx.h(525,20): warning C4146: jednoargumentowy operator minus zastosowany do typu unsigned, wynik nadal unsigned
C:\Users\praua\Documents\GitHub\KeyHuntCudaClient\gmp\include\gmpxx.h(570,20): warning C4146: jednoargumentowy operator minus zastosowany do typu unsigned, wynik nadal unsigned
C:\Users\praua\Documents\GitHub\KeyHuntCudaClient\gmp\include\gmpxx.h(599,19): warning C4146: jednoargumentowy operator minus zastosowany do typu unsigned, wynik nadal unsigned
C:\Users\praua\Documents\GitHub\KeyHuntCudaClient\gmp\include\gmpxx.h(667,13): warning C4146: jednoargumentowy operator minus zastosowany do typu unsigned, wynik nadal unsigned
C:\Users\praua\Documents\GitHub\KeyHuntCudaClient\gmp\include\gmpxx.h(720,20): warning C4146: jednoargumentowy operator minus zastosowany do typu unsigned, wynik nadal unsigned
C:\Users\praua\Documents\GitHub\KeyHuntCudaClient\gmp\include\gmpxx.h(764,19): warning C4146: jednoargumentowy operator minus zastosowany do typu unsigned, wynik nadal unsigned
C:\Users\praua\Documents\GitHub\KeyHuntCudaClient\gmp\include\gmpxx.h(774,16): warning C4146: jednoargumentowy operator minus zastosowany do typu unsigned, wynik nadal unsigned
C:\Users\praua\Documents\GitHub\KeyHuntCudaClient\gmp\include\gmpxx.h(1292,10): warning C4146: jednoargumentowy operator minus zastosowany do typu unsigned, wynik nadal unsigned
C:\Users\praua\Documents\GitHub\KeyHuntCudaClient\gmp\include\gmpxx.h(1593,12): warning C4146: jednoargumentowy operator minus zastosowany do typu unsigned, wynik nadal unsigned
C:\Users\praua\Documents\GitHub\KeyHuntCudaClient\gmp\include\gmpxx.h(1617,10): warning C4146: jednoargumentowy operator minus zastosowany do typu unsigned, wynik nadal unsigned
  GPUGenerate.cpp
  keccak160.cpp
  ripemd160.cpp
  ripemd160_sse.cpp
  sha256.cpp
  sha256_sse.cpp
  sha512.cpp
  Int.cpp
  IntGroup.cpp
  IntMod.cpp
  KeyHunt.cpp
C:\Users\praua\Documents\GitHub\KeyHuntCudaClient\KeyHunt-Cuda\KeyHunt.cpp(1224,15): warning C4244: "argument": konwersja z "double" do "int", możliwa utrata danych
  Main.cpp
  Point.cpp
  Random.cpp
  SECP256K1.cpp
  Timer.cpp
gmp.lib(invert_limb_table.obj) : warning LNK4078: znaleziono wiele sekcji „.rdata” z różnymi atrybutami (C0400040)
     Trwa tworzenie biblioteki C:\Users\praua\Documents\GitHub\KeyHuntCudaClient\x64\Release\KeyHunt-Cuda.lib i obiektu C:\Users\praua\Documents\GitHub\KeyHuntCudaClient\x64\Release\KeyHunt-Cuda.exp
LINK : warning LNK4098: domyślna biblioteka „LIBCMT” powoduje konflikt z innymi bibliotekami; użyj opcji /NODEFAULTLIB:biblioteka
  Trwa generowanie kodu
  Previous IPDB not found, fall back to full compilation.
  All 773 functions were compiled because no usable IPDB/IOBJ from previous compilation was found.
  Zakończono generowanie kodu
  KeyHunt-Cuda.vcxproj -> C:\Users\praua\Documents\GitHub\KeyHuntCudaClient\x64\Release\KeyHunt-Cuda.exe
